[17:37:43] [main/INFO]: Building optimized datafixer
[17:37:45] [Render thread/INFO]: Environment: authHost='https://authserver.mojang.com', accountsHost='https://api.mojang.com', sessionHost='https://sessionserver.mojang.com', servicesHost='https://api.minecraftservices.com', name='PROD'
[17:37:45] [Render thread/INFO]: Setting user: mael
[17:37:45] [Render thread/INFO]: Backend library: LWJGL version 3.3.1 build 7
[17:37:46] [Render thread/INFO]: Reloading ResourceManager: vanilla
[17:37:47] [Render thread/WARN]: Missing sound for event: minecraft:item.goat_horn.play
[17:37:47] [Render thread/WARN]: Missing sound for event: minecraft:entity.goat.screaming.horn_break
[17:37:47] [Render thread/INFO]: OpenAL initialized on device CoreAudio Default
[17:37:47] [Render thread/INFO]: Sound engine started
[17:37:48] [Render thread/INFO]: Created: 1024x1024x4 minecraft:textures/atlas/blocks.png-atlas
[17:37:48] [Render thread/INFO]: Created: 512x256x4 minecraft:textures/atlas/signs.png-atlas
[17:37:48] [Render thread/INFO]: Created: 1024x512x4 minecraft:textures/atlas/banner_patterns.png-atlas
[17:37:48] [Render thread/INFO]: Created: 1024x512x4 minecraft:textures/atlas/shield_patterns.png-atlas
[17:37:48] [Render thread/INFO]: Created: 256x256x4 minecraft:textures/atlas/chest.png-atlas
[17:37:48] [Render thread/INFO]: Created: 512x256x4 minecraft:textures/atlas/shulker_boxes.png-atlas
[17:37:48] [Render thread/INFO]: Created: 512x256x4 minecraft:textures/atlas/beds.png-atlas
[17:37:48] [Render thread/WARN]: Shader rendertype_entity_translucent_emissive could not find sampler named Sampler2 in the specified shader program.
[17:37:48] [Render thread/INFO]: Created: 512x256x0 minecraft:textures/atlas/particles.png-atlas
[17:37:48] [Render thread/INFO]: Created: 256x256x0 minecraft:textures/atlas/paintings.png-atlas
[17:37:48] [Render thread/INFO]: Created: 256x128x0 minecraft:textures/atlas/mob_effects.png-atlas
[17:38:02] [Render thread/INFO]: Connecting to 100.107.143.115, 5555
[17:38:04] [Render thread/INFO]: Loaded 347 advancements
[17:38:08] [Worker-Bootstrap-4/INFO]: 4445 Datafixer optimizations took 25000 milliseconds
[17:38:11] [Worker-Main-10/ERROR]: Signature is missing from textures payload
[17:40:19] [Render thread/INFO]: Loaded 347 advancements
[17:44:43] [Render thread/WARN]: Unable to play empty soundEvent: minecraft:entity.cod.ambient
[17:44:45] [Render thread/INFO]: [System] [CHAT] mael a péri dans les flammes
[17:45:40] [Render thread/WARN]: Unable to play empty soundEvent: minecraft:entity.tropical_fish.ambient
[18:07:18] [Render thread/INFO]: [System] [CHAT] hovned a quitté la partie
[18:07:25] [Render thread/INFO]: Stopping!
